<?xml version="1.0" encoding="UTF-8"?>
<!-- Generated by org.testng.reporters.JUnitReportReporter -->
<testsuite hostname="LAPTOP-O3UEKIHS" failures="0" tests="1" name="com.CapstoneProject.CapstoneProject.homepage" time="63.151" errors="0" timestamp="2024-06-19T13:37:20 IST" skipped="0">
  <testcase classname="com.CapstoneProject.CapstoneProject.homepage" name="navigateJPetStore" time="63.151"/>
  <system-out/>
</testsuite> <!-- com.CapstoneProject.CapstoneProject.homepage -->
