<?xml version="1.0" encoding="UTF-8"?>
<!-- Generated by org.testng.reporters.JUnitReportReporter -->
<testsuite hostname="LAPTOP-O3UEKIHS" failures="0" tests="6" name="com.CapstoneProject.CapstoneProject.search" time="47.093" errors="0" timestamp="2024-06-19T13:37:20 IST" skipped="0">
  <testcase classname="com.CapstoneProject.CapstoneProject.search" name="findsearchbox" time="4.068"/>
  <system-out/>
  <testcase classname="com.CapstoneProject.CapstoneProject.search" name="sendkeys" time="2.974"/>
  <system-out/>
  <testcase classname="com.CapstoneProject.CapstoneProject.search" name="search" time="13.809"/>
  <system-out/>
  <testcase classname="com.CapstoneProject.CapstoneProject.search" name="validsearch" time="1.399"/>
  <system-out/>
  <testcase classname="com.CapstoneProject.CapstoneProject.search" name="emptysearch" time="13.207"/>
  <system-out/>
  <testcase classname="com.CapstoneProject.CapstoneProject.search" name="invalidsearch" time="11.636"/>
  <system-out/>
</testsuite> <!-- com.CapstoneProject.CapstoneProject.search -->
