<?xml version="1.0" encoding="UTF-8"?>
<!-- Generated by org.testng.reporters.JUnitReportReporter -->
<testsuite hostname="LAPTOP-O3UEKIHS" failures="0" tests="3" name="com.CapstoneProject.CapstoneProject.login" time="24.961" errors="0" timestamp="2024-06-19T13:37:20 IST" skipped="0">
  <testcase classname="com.CapstoneProject.CapstoneProject.login" name="testEmptyusernameandpassword" time="8.363"/>
  <system-out/>
  <testcase classname="com.CapstoneProject.CapstoneProject.login" name="testLogin" time="8.965"/>
  <system-out/>
  <testcase classname="com.CapstoneProject.CapstoneProject.login" name="testInvalidUsernameandpassword" time="7.633"/>
  <system-out/>
</testsuite> <!-- com.CapstoneProject.CapstoneProject.login -->
