<?xml version="1.0" encoding="UTF-8"?>
<!-- Generated by org.testng.reporters.JUnitReportReporter -->
<testsuite hostname="LAPTOP-O3UEKIHS" failures="0" tests="6" name="com.CapstoneProject.CapstoneProject.search" time="47.817" errors="0" timestamp="2024-06-19T18:52:20 IST" skipped="0">
  <testcase classname="com.CapstoneProject.CapstoneProject.search" name="findsearchbox" time="3.174"/>
  <testcase classname="com.CapstoneProject.CapstoneProject.search" name="sendkeys" time="3.686"/>
  <testcase classname="com.CapstoneProject.CapstoneProject.search" name="search" time="14.137"/>
  <testcase classname="com.CapstoneProject.CapstoneProject.search" name="validsearch" time="1.393"/>
  <testcase classname="com.CapstoneProject.CapstoneProject.search" name="emptysearch" time="13.293"/>
  <testcase classname="com.CapstoneProject.CapstoneProject.search" name="invalidsearch" time="12.134"/>
</testsuite> <!-- com.CapstoneProject.CapstoneProject.search -->
