<?xml version="1.0" encoding="UTF-8"?>
<!-- Generated by org.testng.reporters.JUnitReportReporter -->
<testsuite hostname="LAPTOP-O3UEKIHS" failures="0" tests="1" name="com.CapstoneProject.CapstoneProject.homepage" time="26.047" errors="0" timestamp="2024-06-19T16:47:30 IST" skipped="0">
  <testcase classname="com.CapstoneProject.CapstoneProject.homepage" name="navigateJPetStore" time="26.047"/>
</testsuite> <!-- com.CapstoneProject.CapstoneProject.homepage -->
