<?xml version="1.0" encoding="UTF-8"?>
<!-- Generated by org.testng.reporters.JUnitReportReporter -->
<testsuite hostname="LAPTOP-O3UEKIHS" failures="0" tests="2" name="com.CapstoneProject.CapstoneProject.register" time="6.758" errors="0" timestamp="2024-06-19T17:00:11 IST" skipped="0">
  <testcase classname="com.CapstoneProject.CapstoneProject.register" name="testRegistration" time="0.031"/>
  <testcase classname="com.CapstoneProject.CapstoneProject.register" name="testRegistration" time="6.727"/>
</testsuite> <!-- com.CapstoneProject.CapstoneProject.register -->
