<?xml version="1.0" encoding="UTF-8"?>
<!-- Generated by org.testng.reporters.JUnitReportReporter -->
<testsuite hostname="LAPTOP-O3UEKIHS" failures="0" tests="1" name="com.CapstoneProject.CapstoneProject.productdetails" time="23.135" errors="0" timestamp="2024-06-19T16:59:50 IST" skipped="0">
  <testcase classname="com.CapstoneProject.CapstoneProject.productdetails" name="testProductDetails" time="23.135"/>
</testsuite> <!-- com.CapstoneProject.CapstoneProject.productdetails -->
