<?xml version="1.0" encoding="UTF-8"?>
<!-- Generated by org.testng.reporters.JUnitReportReporter -->
<testsuite hostname="LAPTOP-O3UEKIHS" failures="0" tests="1" name="cart.CartRunnerWrapper" time="98.549" errors="0" timestamp="2024-06-19T15:41:06 IST" skipped="0">
  <testcase classname="cart.CartRunnerWrapper" name="runCart" time="98.549"/>
</testsuite> <!-- cart.CartRunnerWrapper -->
