<?xml version="1.0" encoding="UTF-8"?>
<!-- Generated by org.testng.reporters.JUnitReportReporter -->
<testsuite hostname="LAPTOP-O3UEKIHS" failures="0" tests="3" name="com.CapstoneProject.CapstoneProject.login" time="25.921" errors="0" timestamp="2024-06-19T16:24:23 IST" skipped="0">
  <testcase classname="com.CapstoneProject.CapstoneProject.login" name="testEmptyusernameandpassword" time="8.253"/>
  <testcase classname="com.CapstoneProject.CapstoneProject.login" name="testLogin" time="9.938"/>
  <testcase classname="com.CapstoneProject.CapstoneProject.login" name="testInvalidUsernameandpassword" time="7.730"/>
</testsuite> <!-- com.CapstoneProject.CapstoneProject.login -->
